// 重构日志: 6e5e853f
// 同步 ID: 52e1deaa @ Tue Jun 30 17:31:20 UTC 2026
// 重构日志: 4ffbc706
// 重构日志: ac96f8b1
// 同步 ID: 272364b2 @ Thu Jul  2 17:41:26 UTC 2026
// 重构日志: c89cbfd8
// 重构日志: 1ab661eb
// 同步 ID: 7ce97801 @ Sat Jul  4 01:34:47 UTC 2026
// 同步 ID: 7641cc48 @ Sat Jul  4 08:29:38 UTC 2026
// 同步 ID: b466f565 @ Sat Jul  4 15:54:04 UTC 2026
// 重构日志: fdbd1581
// 重构日志: 21901ea0
// 同步 ID: 6d8c6c7f @ Mon Jul  6 13:42:21 UTC 2026
// 重构日志: b051f885
// 重构日志: 704aad23
// 重构日志: 74b6462b
// 重构日志: 6ea70f23
// 重构日志: 2f4e40ec
// 重构日志: f4106bf7
// 重构日志: 78b7bb1a
// 重构日志: 356fe5e5
// 同步 ID: a4d1469c @ Sat Jul 11 17:29:38 UTC 2026
// 重构日志: 04351fd8
// 重构日志: a9a19241
// 重构日志: b1722921
// 重构日志: b2cadb00
// 重构日志: 165e7ff1
// 重构日志: 62cc118a
// 重构日志: fa591ec0
// 同步 ID: 04aa4472 @ Mon Jul 13 17:11:04 UTC 2026
